#
# A fatal error has been detected by the Java Runtime Environment:
#
#  Internal Error (javaClasses.cpp:136), pid=7776, tid=5508
#  fatal error: Invalid layout of preloaded class
#
# JRE version:  (7.0_51-b13) (build )
# Java VM: Java HotSpot(TM) 64-Bit Server VM (24.51-b03 mixed mode windows-amd64 compressed oops)
# Failed to write core dump. Minidumps are not enabled by default on client versions of Windows
#
# If you would like to submit a bug report, please visit:
#   http://bugreport.sun.com/bugreport/crash.jsp
#

---------------  T H R E A D  ---------------

Current thread (0x0000000002960800):  JavaThread "Unknown thread" [_thread_in_vm, id=5508, stack(0x0000000002860000,0x0000000002960000)]

Stack: [0x0000000002860000,0x0000000002960000]

---------------  P R O C E S S  ---------------

Java Threads: ( => current thread )

Other Threads:

=>0x0000000002960800 (exited) JavaThread "Unknown thread" [_thread_in_vm, id=5508, stack(0x0000000002860000,0x0000000002960000)]

VM state:not at safepoint (not fully initialized)

VM Mutex/Monitor currently owned by a thread: None

GC Heap History (0 events):
No events

Deoptimization events (0 events):
No events

Internal exceptions (0 events):
No events

Events (10 events):
Event: 0.700 loading class 0x00000000029a46e0 done
Event: 0.701 loading class 0x00000000029a4100 done
Event: 0.701 loading class 0x00000000029a40e0
Event: 0.701 loading class 0x00000000029ac1e0
Event: 0.701 loading class 0x00000000029ac1e0 done
Event: 0.701 loading class 0x00000000029ac210
Event: 0.701 loading class 0x00000000029ac210 done
Event: 0.701 loading class 0x00000000029ac240
Event: 0.701 loading class 0x00000000029ac240 done
Event: 0.701 loading class 0x00000000029a40e0 done


Dynamic libraries:
0x000007f76e840000 - 0x000007f76e873000 	C:\Program Files\Java\jre7\bin\javaw.exe
0x000007f9151c0000 - 0x000007f915380000 	C:\Windows\SYSTEM32\ntdll.dll
0x000007f913840000 - 0x000007f913976000 	C:\Windows\system32\KERNEL32.DLL
0x000007f912140000 - 0x000007f912233000 	C:\Windows\system32\KERNELBASE.dll
0x000007f9125c0000 - 0x000007f91269e000 	C:\Windows\system32\ADVAPI32.dll
0x000007f9136f0000 - 0x000007f91383c000 	C:\Windows\system32\USER32.dll
0x000007f90fd70000 - 0x000007f90ffda000 	C:\Windows\WinSxS\amd64_microsoft.windows.common-controls_6595b64144ccf1df_6.0.9200.16579_none_418ab7ef718b27ef\COMCTL32.dll
0x000007f912cc0000 - 0x000007f912d65000 	C:\Windows\system32\msvcrt.dll
0x000007f912740000 - 0x000007f912788000 	C:\Windows\SYSTEM32\sechost.dll
0x000007f9131d0000 - 0x000007f913315000 	C:\Windows\system32\RPCRT4.dll
0x000007f912790000 - 0x000007f9128d1000 	C:\Windows\system32\GDI32.dll
0x000007f912700000 - 0x000007f912739000 	C:\Windows\system32\IMM32.DLL
0x000007f913a50000 - 0x000007f913b66000 	C:\Windows\system32\MSCTF.dll
0x0000000071b50000 - 0x0000000071c22000 	C:\Program Files\Java\jre7\bin\msvcr100.dll
0x0000000071e00000 - 0x00000000725c9000 	C:\Program Files\Java\jre7\bin\server\jvm.dll
0x000007f904090000 - 0x000007f904099000 	C:\Windows\SYSTEM32\WSOCK32.dll
0x000007f90ba00000 - 0x000007f90ba20000 	C:\Windows\SYSTEM32\WINMM.dll
0x000007f913320000 - 0x000007f913327000 	C:\Windows\system32\PSAPI.DLL
0x000007f9126a0000 - 0x000007f9126f8000 	C:\Windows\system32\WS2_32.dll
0x000007f90b9c0000 - 0x000007f90b9f3000 	C:\Windows\SYSTEM32\WINMMBASE.dll
0x000007f9151b0000 - 0x000007f9151b9000 	C:\Windows\system32\NSI.dll
0x000007f912320000 - 0x000007f91236f000 	C:\Windows\SYSTEM32\cfgmgr32.dll
0x000007f9122f0000 - 0x000007f912312000 	C:\Windows\system32\DEVOBJ.dll
0x0000000072920000 - 0x000000007292f000 	C:\Program Files\Java\jre7\bin\verify.dll
0x00000000728f0000 - 0x0000000072918000 	C:\Program Files\Java\jre7\bin\java.dll
0x00000000728d0000 - 0x00000000728e5000 	C:\Program Files\Java\jre7\bin\zip.dll

VM Arguments:
jvm_args: -Dfile.encoding=Cp1252 -Xbootclasspath:C:\me\Android SDK\adt-bundle-windows-x86_64-20131030\sdk\platforms\android-19\android.jar 
java_command: com.example.whatdosetheboardsay.MainActivity
Launcher Type: SUN_STANDARD

Environment Variables:
CLASSPATH=.;C:\me\Java2\lib\ext\QTJava.zip
PATH=C:/Program Files/Java/jre7/bin/server;C:/Program Files/Java/jre7/bin;C:/Program Files/Java/jre7/lib/amd64;C:\Program Files\Java\jre7\bin;C:\me\QuickTime\QTSystem\;C:\me\Android SDK\adt-bundle-windows-x86_64-20131030\eclipse;
USERNAME=Honkwan
OS=Windows_NT
PROCESSOR_IDENTIFIER=Intel64 Family 6 Model 42 Stepping 7, GenuineIntel



---------------  S Y S T E M  ---------------

OS: Windows 8 , 64 bit Build 9200 

CPU:total 4 (2 cores per cpu, 2 threads per core) family 6 model 42 stepping 7, cmov, cx8, fxsr, mmx, sse, sse2, sse3, ssse3, sse4.1, sse4.2, popcnt, avx, ht, tsc, tscinvbit

Memory: 4k page, physical 4075108k(1548560k free), swap 6123108k(2765296k free)

vm_info: Java HotSpot(TM) 64-Bit Server VM (24.51-b03) for windows-amd64 JRE (1.7.0_51-b13), built on Dec 18 2013 18:40:56 by "java_re" with unknown MS VC++:1600

time: Tue Feb 25 12:25:21 2014
elapsed time: 0 seconds

